  lab_6_att1.cpp
D:\sql_lab_6\lab_6_att1\lab_6_att1.cpp(1,1): error C2873: System: использование символа в "using"-объявлении не допускается
D:\sql_lab_6\lab_6_att1\lab_6_att1.cpp(2,13): error C2059: синтаксическая ошибка: .
D:\sql_lab_6\lab_6_att1\lab_6_att1.cpp(3,13): error C2059: синтаксическая ошибка: .
D:\sql_lab_6\lab_6_att1\lab_6_att1.cpp(4,13): error C2059: синтаксическая ошибка: .
D:\sql_lab_6\lab_6_att1\lab_6_att1.cpp(5,13): error C2059: синтаксическая ошибка: .
D:\sql_lab_6\lab_6_att1\lab_6_att1.cpp(6,13): error C2059: синтаксическая ошибка: .
D:\sql_lab_6\lab_6_att1\lab_6_att1.cpp(7,13): error C2059: синтаксическая ошибка: .
D:\sql_lab_6\lab_6_att1\lab_6_att1.cpp(8,13): error C2059: синтаксическая ошибка: .
D:\sql_lab_6\lab_6_att1\lab_6_att1.cpp(9,13): error C2059: синтаксическая ошибка: .
D:\sql_lab_6\lab_6_att1\lab_6_att1.cpp(10,13): error C2059: синтаксическая ошибка: .
D:\sql_lab_6\lab_6_att1\lab_6_att1.cpp(14,5): error C2059: синтаксическая ошибка: public
D:\sql_lab_6\lab_6_att1\lab_6_att1.cpp(15,5): error C4430: отсутствует спецификатор типа - предполагается int. Примечание. C++ не поддерживает int по умолчанию
D:\sql_lab_6\lab_6_att1\lab_6_att1.cpp(16,9): error C2059: синтаксическая ошибка: public
D:\sql_lab_6\lab_6_att1\lab_6_att1.cpp(17,9): error C2143: синтаксическая ошибка: отсутствие ";" перед "{"
D:\sql_lab_6\lab_6_att1\lab_6_att1.cpp(17,9): error C2447: {: отсутствует заголовок функции (возможно, используется формальный список старого типа)
D:\sql_lab_6\lab_6_att1\lab_6_att1.cpp(20,26): error C4430: отсутствует спецификатор типа - предполагается int. Примечание. C++ не поддерживает int по умолчанию
D:\sql_lab_6\lab_6_att1\lab_6_att1.cpp(20,23): error C2146: синтаксическая ошибка: отсутствие ";" перед идентификатором "con"
D:\sql_lab_6\lab_6_att1\lab_6_att1.cpp(21,26): error C4430: отсутствует спецификатор типа - предполагается int. Примечание. C++ не поддерживает int по умолчанию
D:\sql_lab_6\lab_6_att1\lab_6_att1.cpp(21,24): error C2146: синтаксическая ошибка: отсутствие ";" перед идентификатором "da"
D:\sql_lab_6\lab_6_att1\lab_6_att1.cpp(22,23): error C4430: отсутствует спецификатор типа - предполагается int. Примечание. C++ не поддерживает int по умолчанию
D:\sql_lab_6\lab_6_att1\lab_6_att1.cpp(22,20): error C2146: синтаксическая ошибка: отсутствие ";" перед идентификатором "cmd"
D:\sql_lab_6\lab_6_att1\lab_6_att1.cpp(23,19): error C4430: отсутствует спецификатор типа - предполагается int. Примечание. C++ не поддерживает int по умолчанию
D:\sql_lab_6\lab_6_att1\lab_6_att1.cpp(23,17): error C2146: синтаксическая ошибка: отсутствие ";" перед идентификатором "ds"
D:\sql_lab_6\lab_6_att1\lab_6_att1.cpp(27,13): error C2065: con: необъявленный идентификатор
D:\sql_lab_6\lab_6_att1\lab_6_att1.cpp(27,36): error C2061: синтаксическая ошибка: идентификатор "SqlConnection"
D:\sql_lab_6\lab_6_att1\lab_6_att1.cpp(27,37): error C2018: неизвестный знак "0x40"
D:\sql_lab_6\lab_6_att1\lab_6_att1.cpp(27,38): warning C4129: S: неизвестная escape-последовательность
D:\sql_lab_6\lab_6_att1\lab_6_att1.cpp(28,13): error C2065: da: необъявленный идентификатор
D:\sql_lab_6\lab_6_att1\lab_6_att1.cpp(28,36): error C2061: синтаксическая ошибка: идентификатор "SqlDataAdapter"
D:\sql_lab_6\lab_6_att1\lab_6_att1.cpp(29,13): error C2065: ds: необъявленный идентификатор
D:\sql_lab_6\lab_6_att1\lab_6_att1.cpp(29,29): error C2061: синтаксическая ошибка: идентификатор "DataSet"
D:\sql_lab_6\lab_6_att1\lab_6_att1.cpp(30,13): error C2065: con: необъявленный идентификатор
D:\sql_lab_6\lab_6_att1\lab_6_att1.cpp(31,13): error C2065: da: необъявленный идентификатор
D:\sql_lab_6\lab_6_att1\lab_6_att1.cpp(31,21): error C2065: ds: необъявленный идентификатор
D:\sql_lab_6\lab_6_att1\lab_6_att1.cpp(32,13): error C2065: dataGridView1: необъявленный идентификатор
D:\sql_lab_6\lab_6_att1\lab_6_att1.cpp(32,40): error C2065: ds: необъявленный идентификатор
D:\sql_lab_6\lab_6_att1\lab_6_att1.cpp(33,13): error C2065: con: необъявленный идентификатор
D:\sql_lab_6\lab_6_att1\lab_6_att1.cpp(36,9): error C2059: синтаксическая ошибка: private
D:\sql_lab_6\lab_6_att1\lab_6_att1.cpp(37,9): error C2143: синтаксическая ошибка: отсутствие ";" перед "{"
D:\sql_lab_6\lab_6_att1\lab_6_att1.cpp(37,9): error C2447: {: отсутствует заголовок функции (возможно, используется формальный список старого типа)
D:\sql_lab_6\lab_6_att1\lab_6_att1.cpp(41,9): error C2059: синтаксическая ошибка: private
D:\sql_lab_6\lab_6_att1\lab_6_att1.cpp(42,9): error C2143: синтаксическая ошибка: отсутствие ";" перед "{"
D:\sql_lab_6\lab_6_att1\lab_6_att1.cpp(42,9): error C2447: {: отсутствует заголовок функции (возможно, используется формальный список старого типа)
D:\sql_lab_6\lab_6_att1\lab_6_att1.cpp(52,9): error C2059: синтаксическая ошибка: private
D:\sql_lab_6\lab_6_att1\lab_6_att1.cpp(53,9): error C2143: синтаксическая ошибка: отсутствие ";" перед "{"
D:\sql_lab_6\lab_6_att1\lab_6_att1.cpp(53,9): error C2447: {: отсутствует заголовок функции (возможно, используется формальный список старого типа)
D:\sql_lab_6\lab_6_att1\lab_6_att1.cpp(64,9): error C2059: синтаксическая ошибка: private
D:\sql_lab_6\lab_6_att1\lab_6_att1.cpp(65,9): error C2143: синтаксическая ошибка: отсутствие ";" перед "{"
D:\sql_lab_6\lab_6_att1\lab_6_att1.cpp(65,9): error C2447: {: отсутствует заголовок функции (возможно, используется формальный список старого типа)
D:\sql_lab_6\lab_6_att1\lab_6_att1.cpp(75,1): error C2059: синтаксическая ошибка: }
D:\sql_lab_6\lab_6_att1\lab_6_att1.cpp(75,1): error C2143: синтаксическая ошибка: отсутствие ";" перед "}"
